2026-05-27 23:28:24,781 INFO Selecting top-two variant=current_repo_top_two universe=exactly_two_plans
2026-05-27 23:28:24,942 INFO Selecting top-two variant=current_repo_top_two universe=include_ties_at_second_lowest
2026-05-27 23:28:25,066 INFO Selecting top-two variant=rank_by_gross_age40_premium_planid universe=exactly_two_plans
2026-05-27 23:28:44,491 INFO Selecting top-two variant=rank_by_gross_age40_premium_planid universe=include_ties_at_second_lowest
2026-05-27 23:29:05,276 INFO Selecting top-two variant=rank_by_gross_age40_standard_component universe=exactly_two_plans
2026-05-27 23:29:25,228 INFO Selecting top-two variant=rank_by_gross_age40_standard_component universe=include_ties_at_second_lowest
2026-05-27 23:29:46,726 INFO Selecting top-two variant=rank_by_postsubsidy_net_premium universe=exactly_two_plans
2026-05-27 23:30:11,186 INFO Selecting top-two variant=rank_by_postsubsidy_net_premium universe=include_ties_at_second_lowest
2026-05-27 23:30:37,344 INFO Selecting top-two variant=rank_by_ehb_adjusted_gross_premium universe=exactly_two_plans
2026-05-27 23:31:01,899 INFO Selecting top-two variant=rank_by_ehb_adjusted_gross_premium universe=include_ties_at_second_lowest
2026-05-27 23:31:28,026 INFO Selecting top-two variant=rank_by_displayed_qhp_order_if_available universe=exactly_two_plans
2026-05-27 23:31:51,549 INFO Selecting top-two variant=rank_by_displayed_qhp_order_if_available universe=include_ties_at_second_lowest
2026-05-27 23:32:16,661 INFO Selecting top-two variant=rank_by_rate_puf_premium universe=exactly_two_plans
2026-05-27 23:32:41,500 INFO Selecting top-two variant=rank_by_rate_puf_premium universe=include_ties_at_second_lowest
2026-05-27 23:33:08,147 INFO Selecting top-two variant=county_rating_area_specific_top_two universe=exactly_two_plans
2026-05-27 23:33:27,213 INFO Selecting top-two variant=county_rating_area_specific_top_two universe=include_ties_at_second_lowest
2026-05-27 23:33:47,959 INFO Selecting top-two variant=service_area_strict_top_two universe=exactly_two_plans
2026-05-27 23:34:07,109 INFO Selecting top-two variant=service_area_strict_top_two universe=include_ties_at_second_lowest
2026-05-27 23:34:27,776 INFO Selecting top-two variant=exclude_child_only_or_limited_plans universe=exactly_two_plans
2026-05-27 23:34:47,803 INFO Selecting top-two variant=exclude_child_only_or_limited_plans universe=include_ties_at_second_lowest
2026-05-27 23:35:09,520 INFO Selecting top-two variant=tie_break_source_order universe=exactly_two_plans
2026-05-27 23:35:28,579 INFO Selecting top-two variant=tie_break_source_order universe=include_ties_at_second_lowest
2026-05-27 23:35:50,120 INFO Selecting top-two variant=all_tied_lowest_or_second_lowest universe=exactly_two_plans
2026-05-27 23:36:09,935 INFO Selecting top-two variant=all_tied_lowest_or_second_lowest universe=include_ties_at_second_lowest
2026-05-27 23:37:40,296 INFO Recomputing treatment counts for all_tied_lowest_or_second_lowest / exactly_two_plans
2026-05-27 23:37:40,358 INFO Loading raw crosswalk candidates for 2021_to_2022
2026-05-27 23:37:40,845 INFO Loading raw crosswalk candidates for 2022_to_2023
2026-05-27 23:37:41,531 INFO Loading raw crosswalk candidates for 2023_to_2024
2026-05-27 23:38:13,821 INFO Recomputing treatment counts for all_tied_lowest_or_second_lowest / include_ties_at_second_lowest
2026-05-27 23:38:13,889 INFO Loading raw crosswalk candidates for 2021_to_2022
2026-05-27 23:38:14,384 INFO Loading raw crosswalk candidates for 2022_to_2023
2026-05-27 23:38:15,062 INFO Loading raw crosswalk candidates for 2023_to_2024
2026-05-27 23:38:47,528 INFO Recomputing treatment counts for county_rating_area_specific_top_two / exactly_two_plans
2026-05-27 23:38:47,596 INFO Loading raw crosswalk candidates for 2021_to_2022
2026-05-27 23:38:48,113 INFO Loading raw crosswalk candidates for 2022_to_2023
2026-05-27 23:38:48,762 INFO Loading raw crosswalk candidates for 2023_to_2024
2026-05-27 23:39:21,051 INFO Recomputing treatment counts for county_rating_area_specific_top_two / include_ties_at_second_lowest
2026-05-27 23:39:21,134 INFO Loading raw crosswalk candidates for 2021_to_2022
2026-05-27 23:39:21,611 INFO Loading raw crosswalk candidates for 2022_to_2023
2026-05-27 23:39:22,239 INFO Loading raw crosswalk candidates for 2023_to_2024
2026-05-27 23:39:54,756 INFO Recomputing treatment counts for current_repo_top_two / exactly_two_plans
2026-05-27 23:39:54,828 INFO Loading raw crosswalk candidates for 2021_to_2022
2026-05-27 23:39:55,358 INFO Loading raw crosswalk candidates for 2022_to_2023
2026-05-27 23:39:55,990 INFO Loading raw crosswalk candidates for 2023_to_2024
2026-05-27 23:40:30,419 INFO Recomputing treatment counts for current_repo_top_two / include_ties_at_second_lowest
2026-05-27 23:40:30,486 INFO Loading raw crosswalk candidates for 2021_to_2022
2026-05-27 23:40:30,982 INFO Loading raw crosswalk candidates for 2022_to_2023
2026-05-27 23:40:31,606 INFO Loading raw crosswalk candidates for 2023_to_2024
2026-05-27 23:41:03,829 INFO Recomputing treatment counts for exclude_child_only_or_limited_plans / exactly_two_plans
2026-05-27 23:41:03,897 INFO Loading raw crosswalk candidates for 2021_to_2022
2026-05-27 23:41:04,376 INFO Loading raw crosswalk candidates for 2022_to_2023
2026-05-27 23:41:05,019 INFO Loading raw crosswalk candidates for 2023_to_2024
2026-05-27 23:41:37,554 INFO Recomputing treatment counts for exclude_child_only_or_limited_plans / include_ties_at_second_lowest
2026-05-27 23:41:37,623 INFO Loading raw crosswalk candidates for 2021_to_2022
2026-05-27 23:41:38,115 INFO Loading raw crosswalk candidates for 2022_to_2023
2026-05-27 23:41:38,792 INFO Loading raw crosswalk candidates for 2023_to_2024
2026-05-27 23:42:11,123 INFO Recomputing treatment counts for rank_by_displayed_qhp_order_if_available / exactly_two_plans
2026-05-27 23:42:11,200 INFO Loading raw crosswalk candidates for 2021_to_2022
2026-05-27 23:42:11,805 INFO Loading raw crosswalk candidates for 2022_to_2023
2026-05-27 23:42:12,629 INFO Loading raw crosswalk candidates for 2023_to_2024
2026-05-27 23:42:46,512 INFO Recomputing treatment counts for rank_by_displayed_qhp_order_if_available / include_ties_at_second_lowest
2026-05-27 23:42:46,594 INFO Loading raw crosswalk candidates for 2021_to_2022
2026-05-27 23:42:47,101 INFO Loading raw crosswalk candidates for 2022_to_2023
2026-05-27 23:42:47,823 INFO Loading raw crosswalk candidates for 2023_to_2024
2026-05-27 23:43:20,848 INFO Recomputing treatment counts for rank_by_ehb_adjusted_gross_premium / exactly_two_plans
2026-05-27 23:43:20,924 INFO Loading raw crosswalk candidates for 2021_to_2022
2026-05-27 23:43:21,404 INFO Loading raw crosswalk candidates for 2022_to_2023
2026-05-27 23:43:22,007 INFO Loading raw crosswalk candidates for 2023_to_2024
2026-05-27 23:43:50,480 INFO Recomputing treatment counts for rank_by_ehb_adjusted_gross_premium / include_ties_at_second_lowest
2026-05-27 23:43:50,546 INFO Loading raw crosswalk candidates for 2021_to_2022
2026-05-27 23:43:50,993 INFO Loading raw crosswalk candidates for 2022_to_2023
2026-05-27 23:43:51,608 INFO Loading raw crosswalk candidates for 2023_to_2024
2026-05-27 23:44:22,966 INFO Recomputing treatment counts for rank_by_gross_age40_premium_planid / exactly_two_plans
2026-05-27 23:44:23,039 INFO Loading raw crosswalk candidates for 2021_to_2022
2026-05-27 23:44:23,544 INFO Loading raw crosswalk candidates for 2022_to_2023
2026-05-27 23:44:24,212 INFO Loading raw crosswalk candidates for 2023_to_2024
2026-05-27 23:44:56,840 INFO Recomputing treatment counts for rank_by_gross_age40_premium_planid / include_ties_at_second_lowest
2026-05-27 23:44:56,916 INFO Loading raw crosswalk candidates for 2021_to_2022
2026-05-27 23:44:57,392 INFO Loading raw crosswalk candidates for 2022_to_2023
2026-05-27 23:44:58,068 INFO Loading raw crosswalk candidates for 2023_to_2024
2026-05-27 23:45:30,754 INFO Recomputing treatment counts for rank_by_gross_age40_standard_component / exactly_two_plans
2026-05-27 23:45:30,839 INFO Loading raw crosswalk candidates for 2021_to_2022
2026-05-27 23:45:31,348 INFO Loading raw crosswalk candidates for 2022_to_2023
2026-05-27 23:45:31,990 INFO Loading raw crosswalk candidates for 2023_to_2024
2026-05-27 23:46:04,490 INFO Recomputing treatment counts for rank_by_gross_age40_standard_component / include_ties_at_second_lowest
2026-05-27 23:46:04,561 INFO Loading raw crosswalk candidates for 2021_to_2022
2026-05-27 23:46:05,069 INFO Loading raw crosswalk candidates for 2022_to_2023
2026-05-27 23:46:05,698 INFO Loading raw crosswalk candidates for 2023_to_2024
2026-05-27 23:46:38,333 INFO Recomputing treatment counts for rank_by_postsubsidy_net_premium / exactly_two_plans
2026-05-27 23:46:38,398 INFO Loading raw crosswalk candidates for 2021_to_2022
2026-05-27 23:46:38,869 INFO Loading raw crosswalk candidates for 2022_to_2023
2026-05-27 23:46:39,489 INFO Loading raw crosswalk candidates for 2023_to_2024
2026-05-27 23:47:09,196 INFO Recomputing treatment counts for rank_by_postsubsidy_net_premium / include_ties_at_second_lowest
2026-05-27 23:47:09,270 INFO Loading raw crosswalk candidates for 2021_to_2022
2026-05-27 23:47:09,785 INFO Loading raw crosswalk candidates for 2022_to_2023
2026-05-27 23:47:10,503 INFO Loading raw crosswalk candidates for 2023_to_2024
2026-05-27 23:47:47,096 INFO Recomputing treatment counts for rank_by_rate_puf_premium / exactly_two_plans
2026-05-27 23:47:47,167 INFO Loading raw crosswalk candidates for 2021_to_2022
2026-05-27 23:47:47,656 INFO Loading raw crosswalk candidates for 2022_to_2023
2026-05-27 23:47:48,327 INFO Loading raw crosswalk candidates for 2023_to_2024
2026-05-27 23:48:21,439 INFO Recomputing treatment counts for rank_by_rate_puf_premium / include_ties_at_second_lowest
2026-05-27 23:48:21,511 INFO Loading raw crosswalk candidates for 2021_to_2022
2026-05-27 23:48:22,004 INFO Loading raw crosswalk candidates for 2022_to_2023
2026-05-27 23:48:22,637 INFO Loading raw crosswalk candidates for 2023_to_2024
2026-05-27 23:48:55,856 INFO Recomputing treatment counts for service_area_strict_top_two / exactly_two_plans
2026-05-27 23:48:55,933 INFO Loading raw crosswalk candidates for 2021_to_2022
2026-05-27 23:48:56,428 INFO Loading raw crosswalk candidates for 2022_to_2023
2026-05-27 23:48:57,125 INFO Loading raw crosswalk candidates for 2023_to_2024
2026-05-27 23:49:30,809 INFO Recomputing treatment counts for service_area_strict_top_two / include_ties_at_second_lowest
2026-05-27 23:49:30,879 INFO Loading raw crosswalk candidates for 2021_to_2022
2026-05-27 23:49:31,378 INFO Loading raw crosswalk candidates for 2022_to_2023
2026-05-27 23:49:32,041 INFO Loading raw crosswalk candidates for 2023_to_2024
2026-05-27 23:50:05,308 INFO Recomputing treatment counts for tie_break_source_order / exactly_two_plans
2026-05-27 23:50:05,378 INFO Loading raw crosswalk candidates for 2021_to_2022
2026-05-27 23:50:05,922 INFO Loading raw crosswalk candidates for 2022_to_2023
2026-05-27 23:50:06,555 INFO Loading raw crosswalk candidates for 2023_to_2024
2026-05-27 23:50:39,451 INFO Recomputing treatment counts for tie_break_source_order / include_ties_at_second_lowest
2026-05-27 23:50:39,525 INFO Loading raw crosswalk candidates for 2021_to_2022
2026-05-27 23:50:40,045 INFO Loading raw crosswalk candidates for 2022_to_2023
2026-05-27 23:50:40,686 INFO Loading raw crosswalk candidates for 2023_to_2024
